<?xml version="1.0" encoding="UTF-8"?>
<robot generator="Robot 5.0 (Python 3.10.4 on win32)" generated="20220512 11:23:57.483" rpa="false" schemaversion="3">
<suite id="s1" name="LED light" source="D:\MiniProject\create_acount_suite\LED_light.robot">
<test id="s1-t1" name="test1" line="8">
<kw name="Launch Browser" library="common_functionality" type="SETUP">
<kw name="Append To Environment Variable" library="OperatingSystem">
<arg>Path</arg>
<arg>${EXECDIR}${/}driver</arg>
<doc>Appends given ``values`` to environment variable ``name``.</doc>
<msg timestamp="20220512 11:23:57.922" level="INFO">Environment variable 'Path' set to value 'C:\Program Files (x86)\VMware\VMware Workstation\bin\;C:\MinGW\bin;C:\Program Files\Java\jdk1.8.0_231\bin;C:\Users\hp\.ipython;C:\Program Files\Java\jdk8\bin;C:\Program Files\Java\jre8\bin;bin\com.pantech.myModule;C:\Users\hp\eclipse-workspace;C:\WINDOWS\system32;C:\WINDOWS;C:\WINDOWS\System32\Wbem;C:\WINDOWS\System32\WindowsPowerShell\v1.0\;C:\WINDOWS\System32\OpenSSH\;C:\Program Files\Git\cmd;C:\Users\hp\AppData\Local\Programs\Python\Python310\Scripts\;C:\Users\hp\AppData\Local\Programs\Python\Python310\;C:\Users\hp\AppData\Local\Programs\Microsoft VS Code\bin;D:\MiniProject\driver'.</msg>
<status status="PASS" starttime="20220512 11:23:57.922" endtime="20220512 11:23:57.922"/>
</kw>
<kw name="Open Browser" library="SeleniumLibrary">
<arg>browser=${BROWSER}</arg>
<doc>Opens a new browser instance to the optional ``url``.</doc>
<msg timestamp="20220512 11:23:57.922" level="INFO">Opening browser 'chrome' to base url 'None'.</msg>
<status status="PASS" starttime="20220512 11:23:57.922" endtime="20220512 11:23:59.938"/>
</kw>
<kw name="Maximize Browser Window" library="SeleniumLibrary">
<doc>Maximizes current browser window.</doc>
<status status="PASS" starttime="20220512 11:23:59.938" endtime="20220512 11:24:00.185"/>
</kw>
<kw name="Set Selenium Implicit Wait" library="SeleniumLibrary">
<arg>30s</arg>
<doc>Sets the implicit wait value used by Selenium.</doc>
<status status="PASS" starttime="20220512 11:24:00.185" endtime="20220512 11:24:00.187"/>
</kw>
<kw name="Set Screenshot Directory" library="SeleniumLibrary">
<arg>${EXECDIR}${/}screenshot</arg>
<doc>Sets the directory for captured screenshots.</doc>
<status status="PASS" starttime="20220512 11:24:00.188" endtime="20220512 11:24:00.191"/>
</kw>
<kw name="Go To" library="SeleniumLibrary">
<arg>url=${URL}</arg>
<doc>Navigates the current browser window to the provided ``url``.</doc>
<msg timestamp="20220512 11:24:00.192" level="INFO">Opening url 'https://www.pepperfry.com/'</msg>
<status status="PASS" starttime="20220512 11:24:00.191" endtime="20220512 11:24:09.631"/>
</kw>
<status status="PASS" starttime="20220512 11:23:57.922" endtime="20220512 11:24:09.631"/>
</kw>
<kw name="Click Element" library="SeleniumLibrary">
<arg>link=Bedroom</arg>
<doc>Click the element identified by ``locator``.</doc>
<msg timestamp="20220512 11:24:09.637" level="INFO">Clicking element 'link=Bedroom'.</msg>
<status status="PASS" starttime="20220512 11:24:09.636" endtime="20220512 11:24:14.847"/>
</kw>
<kw name="Click Element" library="SeleniumLibrary">
<arg>link= Bright &amp; Blooming</arg>
<doc>Click the element identified by ``locator``.</doc>
<msg timestamp="20220512 11:24:14.848" level="INFO">Clicking element 'link= Bright &amp; Blooming'.</msg>
<status status="PASS" starttime="20220512 11:24:14.848" endtime="20220512 11:24:20.314"/>
</kw>
<kw name="Click Element" library="SeleniumLibrary">
<arg>link=Blue Polyester Floral 950 GSM Double Bed Comfortor</arg>
<doc>Click the element identified by ``locator``.</doc>
<msg timestamp="20220512 11:24:20.342" level="INFO">Clicking element 'link=Blue Polyester Floral 950 GSM Double Bed Comfortor'.</msg>
<status status="PASS" starttime="20220512 11:24:20.340" endtime="20220512 11:24:22.589"/>
</kw>
<kw name="Close Browser" library="SeleniumLibrary" type="TEARDOWN">
<doc>Closes the current browser.</doc>
<status status="PASS" starttime="20220512 11:24:22.590" endtime="20220512 11:24:29.069"/>
</kw>
<status status="PASS" starttime="20220512 11:23:57.920" endtime="20220512 11:24:29.071"/>
</test>
<status status="PASS" starttime="20220512 11:23:57.501" endtime="20220512 11:24:29.072"/>
</suite>
<statistics>
<total>
<stat pass="1" fail="0" skip="0">All Tests</stat>
</total>
<tag>
</tag>
<suite>
<stat pass="1" fail="0" skip="0" id="s1" name="LED light">LED light</stat>
</suite>
</statistics>
<errors>
</errors>
</robot>
